<?xml version="1.0" encoding="UTF-8"?>
<!-- Generated by org.testng.reporters.JUnitReportReporter -->
<testsuite hostname="ower-PC" name="com.jiff.homepage.test.EmployeeAndSpouseInfoComparisionTest" tests="1" failures="1" timestamp="23 May 2014 14:58:21 GMT" time="0.225" errors="0">
  <testcase name="employeeAndSpouswInfoComparisionTest" time="0.225" classname="com.jiff.homepage.test.EmployeeAndSpouseInfoComparisionTest">
    <failure type="java.lang.ArrayIndexOutOfBoundsException" message="1">
      <![CDATA[java.lang.ArrayIndexOutOfBoundsException: 1
	at com.jiff.incentives.HomePage.actualSteps(HomePage.java:525)
	at com.jiff.incentives.HomePage.getEmployeeInfo(HomePage.java:475)
	at com.jiff.homepage.test.EmployeeAndSpouseInfoComparisionTest.employeeAndSpouseInfoComparision(EmployeeAndSpouseInfoComparisionTest.java:39)
	at com.jiff.homepage.test.EmployeeAndSpouseInfoComparisionTest.employeeAndSpouswInfoComparisionTest(EmployeeAndSpouseInfoComparisionTest.java:31)
	at sun.reflect.NativeMethodAccessorImpl.invoke0(Native Method)
	at sun.reflect.NativeMethodAccessorImpl.invoke(Unknown Source)
	at sun.reflect.DelegatingMethodAccessorImpl.invoke(Unknown Source)
	at java.lang.reflect.Method.invoke(Unknown Source)
	at org.testng.internal.MethodInvocationHelper.invokeMethod(MethodInvocationHelper.java:84)
	at org.testng.internal.Invoker.invokeMethod(Invoker.java:714)
	at org.testng.internal.Invoker.invokeTestMethod(Invoker.java:901)
	at org.testng.internal.Invoker.invokeTestMethods(Invoker.java:1231)
	at org.testng.internal.TestMethodWorker.invokeTestMethods(TestMethodWorker.java:127)
	at org.testng.internal.TestMethodWorker.run(TestMethodWorker.java:111)
	at org.testng.TestRunner.privateRun(TestRunner.java:767)
	at org.testng.TestRunner.run(TestRunner.java:617)
	at org.testng.SuiteRunner.runTest(SuiteRunner.java:334)
	at org.testng.SuiteRunner.runSequentially(SuiteRunner.java:329)
	at org.testng.SuiteRunner.privateRun(SuiteRunner.java:291)
	at org.testng.SuiteRunner.run(SuiteRunner.java:240)
	at org.testng.SuiteRunnerWorker.runSuite(SuiteRunnerWorker.java:52)
	at org.testng.SuiteRunnerWorker.run(SuiteRunnerWorker.java:86)
	at org.testng.TestNG.runSuitesSequentially(TestNG.java:1224)
	at org.testng.TestNG.runSuitesLocally(TestNG.java:1149)
	at org.testng.TestNG.run(TestNG.java:1057)
	at org.testng.remote.RemoteTestNG.run(RemoteTestNG.java:111)
	at org.testng.remote.RemoteTestNG.initAndRun(RemoteTestNG.java:204)
	at org.testng.remote.RemoteTestNG.main(RemoteTestNG.java:175)
]]>
    </failure>
  </testcase> <!-- employeeAndSpouswInfoComparisionTest -->
</testsuite> <!-- com.jiff.homepage.test.EmployeeAndSpouseInfoComparisionTest -->
